Plugin v0.0.1 running on KiCad 10.0.1-10.0.1~ubuntu24.04.1 and Python 3.12.3 (main, Mar  3 2026, 12:15:18) [GCC 13.3.0] on linux.
Config file /home/siovush/KikadProjects/MY_POWERFULL_PLC_PCB/MY_POWERFULL_PLC_PCB.kicad_pcb.hierpcb.json not found. Creating new one.
Imported /home/siovush/KikadProjects/MY_POWERFULL_PLC_PCB/MY_POWERFULL_PLC_PCB.kicad_pcb, with 239 footprints, 675 tracks, and 16 drawings.
/ (+ PCB /home/siovush/KikadProjects/MY_POWERFULL_PLC_PCB/MY_POWERFULL_PLC_PCB.kicad_pcb)
├─ /02_POWER_5V/
├─ /03_POWER_3V3/
├─ /01_POWER_INPUT/
├─ b512afeb
│  ├─ /DI_SLOW_GROUP/DI_Module6/
│  ├─ /DI_SLOW_GROUP/DI_Module1/
│  ├─ /DI_SLOW_GROUP/DI_Module7/
│  ├─ /DI_SLOW_GROUP/DI_Module3/
│  ├─ /DI_SLOW_GROUP/DI_Module2/
│  ├─ /DI_SLOW_GROUP/DI_Module8/
│  ├─ /DI_SLOW_GROUP/DI_Module4/
│  ├─ /DI_SLOW_GROUP/DI_Module5/
├─ /DO_GROUP/
│  ├─ /DO_GROUP/DO_Module6/
│  ├─ /DO_GROUP/DO_Module8/
│  ├─ /DO_GROUP/DO_Module4/
│  ├─ /DO_GROUP/DO_Module2/
│  ├─ /DO_GROUP/DO_Module1/
│  ├─ /DO_GROUP/DO_Module5/
│  ├─ /DO_GROUP/DO_Module7/
│  ├─ /DO_GROUP/DO_Module3/
├─ dc612884
│  ├─ /DI_FAST_GROUP/DI_Fast_Module3/
│  ├─ /DI_FAST_GROUP/DI_Fast_Module1/
│  ├─ /DI_FAST_GROUP/DI_Fast_Module7/
│  ├─ /DI_FAST_GROUP/DI_Fast_Module/
│  ├─ /DI_FAST_GROUP/DI_Fast_Module6/
│  ├─ /DI_FAST_GROUP/DI_Fast_Module5/
│  ├─ /DI_FAST_GROUP/DI_Fast_Module4/
│  ├─ /DI_FAST_GROUP/DI_Fast_Module2/
PCB /home/siovush/KikadProjects/MY_POWERFULL_PLC_PCB/MY_POWERFULL_PLC_PCB.kicad_pcb
  /cd88a99e/2aef95d2/edfefbfc: R80
  /cd88a99e/2aef95d2/09a301c8: R81
  /cd88a99e/2aef95d2/73bad174: R82
  /cd88a99e/2aef95d2/c8259703: U42
  /cd88a99e/2aef95d2/7fe3c6a8: Q9
  /cd88a99e/766466a4/7fe3c6a8: Q1
  /cd88a99e/766466a4/edfefbfc: R1
  /cd88a99e/766466a4/09a301c8: R2
  /cd88a99e/766466a4/73bad174: R3
  /cd88a99e/766466a4/c8259703: U1
  /cd88a99e/7f941be1: D36
  /cd88a99e/d3a870a6: D37
  /cd88a99e/137e754f: D38
  /cd88a99e/d16990b0: D39
  /cd88a99e/4a75bc49: D40
  /cd88a99e/f7c482b8: D41
  /cd88a99e/5649c42f: D42
  /cd88a99e/7b8daf3b: D35
  /cd88a99e/56d03984/edfefbfc: R62
  /cd88a99e/56d03984/09a301c8: R63
  /cd88a99e/56d03984/7fe3c6a8: Q3
  /cd88a99e/56d03984/73bad174: R64
  /cd88a99e/56d03984/c8259703: U36
  /cd88a99e/c8f5f1b6/7fe3c6a8: Q8
  /cd88a99e/083e0903/7fe3c6a8: Q7
  /cd88a99e/a6daff05/7fe3c6a8: Q6
  /cd88a99e/545fcf9b/7fe3c6a8: Q5
  /cd88a99e/eae37c15/7fe3c6a8: Q4
  /cd88a99e/c8f5f1b6/c8259703: U41
  /cd88a99e/083e0903/c8259703: U40
  /cd88a99e/a6daff05/c8259703: U39
  /cd88a99e/545fcf9b/c8259703: U38
  /cd88a99e/eae37c15/c8259703: U37
  /cd88a99e/c8f5f1b6/73bad174: R79
  /cd88a99e/c8f5f1b6/09a301c8: R78
  /cd88a99e/c8f5f1b6/edfefbfc: R77
  /cd88a99e/083e0903/73bad174: R76
  /cd88a99e/083e0903/09a301c8: R75
  /cd88a99e/083e0903/edfefbfc: R74
  /cd88a99e/a6daff05/73bad174: R73
  /cd88a99e/a6daff05/09a301c8: R72
  /cd88a99e/a6daff05/edfefbfc: R71
  /cd88a99e/545fcf9b/73bad174: R70
  /cd88a99e/545fcf9b/09a301c8: R69
  /cd88a99e/545fcf9b/edfefbfc: R68
  /cd88a99e/eae37c15/73bad174: R67
  /cd88a99e/eae37c15/09a301c8: R66
  /cd88a99e/eae37c15/edfefbfc: R65
  /dc612884/77c3811a/e1478466: D1
  /dc612884/77c3811a/b7a0b9b4: R5
  /dc612884/77c3811a/4069a4fa: C1
  /dc612884/77c3811a/4a53e931: U3
  /dc612884/77c3811a/29ba492f: R6
  /dc612884/77c3811a/a1141c71: D2
  /dc612884/77c3811a/38a2fec7: C2
  /dc612884/77c3811a/eff690b0: C3
  /dc612884/77c3811a/c1687cb3: U2
  /dc612884/77c3811a/143187fb: R4
  /b512afeb/2ee088ed/321a1fc1: R44
  /07a9e096/0d94c322: C35
  /dc612884/d022fea0/29ba492f: R18
  /dc612884/426b96bb/143187fb: R7
  /dc612884/4c62837d/a1141c71: D34
  /b512afeb/6ef87b53/91e96c5b: D26
  /dc612884/acb836e1/b7a0b9b4: R20
  /b512afeb/6ef87b53/342795aa: R47
  /b512afeb/be42694a/91e96c5b: D28
  /b512afeb/9a3794b4/321a1fc1: R32
  /b512afeb/de0419ad/f47e9f89: C28
  /dc612884/d022fea0/b7a0b9b4: R17
  /07a9e096/7ec6ff3d: L1
  /0b17cd48/2d5bee57: CIN5
  /b512afeb/de0419ad/a258d1ad: U23
  /b512afeb/9a3794b4/503a6bbc: R33
  /dc612884/f83aa710/29ba492f: R12
  /dc612884/d022fea0/4a53e931: U11
  /5e191878: J5
  /b512afeb/2ee088ed/f47e9f89: C30
  /dc612884/acb836e1/143187fb: R19
  /b512afeb/be42694a/342795aa: R51
  /dc612884/9375b8fb/b7a0b9b4: R57
  /dc612884/f83aa710/b7a0b9b4: R11
  /4efef783: J4
  /a42fd33d/5f53a2bd: D29
  /07a9e096/c492bad5: CIN2
  /b512afeb/4c56d938/342795aa: R23
  /dc612884/f83aa710/4a53e931: U7
  /b512afeb/c53a33c4/321a1fc1: R36
  /0b17cd48/6df37369: U31
  /dc612884/2ea0969e/4a53e931: U9
  /dc612884/2ea0969e/29ba492f: R15
  /259f6918: J3
  /07a9e096/a0a43b56: U30
  /a42fd33d/1332cf2d: R55
  /a42fd33d/6bfe2e14: F1
  /dc612884/acb836e1/29ba492f: R21
  /07a9e096/255e8ca3: CIN1
  /b512afeb/2ee088ed/342795aa: R43
  /dc612884/426b96bb/b7a0b9b4: R8
  /b512afeb/c53a33c4/91e96c5b: D20
  /b512afeb/4c56d938/503a6bbc: R25
  /2de481f7: J1
  /b512afeb/9a3794b4/342795aa: R31
  /b512afeb/be42694a/503a6bbc: R53
  /b512afeb/6ef87b53/f47e9f89: C32
  /b512afeb/b7d068b7/f47e9f89: C22
  /dc612884/2ea0969e/b7a0b9b4: R14
  /b512afeb/be42694a/f47e9f89: C34
  /b512afeb/b7d068b7/342795aa: R27
  /b512afeb/de0419ad/91e96c5b: D22
  /b512afeb/9a3794b4/f47e9f89: C24
  /b512afeb/6ef87b53/a258d1ad: U27
  /dc612884/2ea0969e/143187fb: R13
  /b512afeb/b7d068b7/a258d1ad: U17
  /dc612884/9375b8fb/4a53e931: U33
  /a42fd33d/bcfdb56e: J7
  /dc612884/426b96bb/4a53e931: U5
  /dc612884/9375b8fb/143187fb: R56
  /b512afeb/b7d068b7/321a1fc1: R28
  /b512afeb/4c56d938/a258d1ad: U15
  /a42fd33d/dc010787: D30
  /b512afeb/6ef87b53/503a6bbc: R49
  /b512afeb/4c56d938/321a1fc1: R24
  /b512afeb/be42694a/a258d1ad: U29
  /07a9e096/d6600d19: COUT2
  /b512afeb/4c56d938/91e96c5b: D14
  /dc612884/acb836e1/4a53e931: U13
  /07a9e096/c51a3e46: COUT3
  /0b17cd48/6fc7fe12: CCOUT1
  /b512afeb/de0419ad/503a6bbc: R41
  /f93a0c69: J6
  /dc612884/9375b8fb/29ba492f: R58
  /b512afeb/6ef87b53/321a1fc1: R48
  /b512afeb/de0419ad/321a1fc1: R40
  /b512afeb/b7d068b7/503a6bbc: R29
  /07a9e096/87230e77: RFBT1_TRIM1
  /dc612884/d022fea0/143187fb: R16
  /dc612884/426b96bb/a1141c71: D4
  /b512afeb/9a3794b4/a258d1ad: U19
  /b512afeb/2ee088ed/91e96c5b: D24
  /b512afeb/b7d068b7/91e96c5b: D16
  /0b17cd48/ab6dfa51: CIN4
  /dc612884/f83aa710/a1141c71: D6
  /b512afeb/c53a33c4/342795aa: R35
  /b512afeb/9a3794b4/91e96c5b: D18
  /07a9e096/0f534922: RFBB1
  /dc612884/426b96bb/29ba492f: R9
  /dc612884/9375b8fb/a1141c71: D32
  /07a9e096/b2148f6d: RFBB1_TRIM1
  /b512afeb/be42694a/321a1fc1: R52
  /dc612884/d022fea0/a1141c71: D10
  /07a9e096/6ed7afca: CIN3
  /dc612884/2ea0969e/a1141c71: D8
  /b512afeb/2ee088ed/503a6bbc: R45
  /dc612884/f83aa710/143187fb: R10
  /b512afeb/2ee088ed/a258d1ad: U25
  /dc612884/4c62837d/143187fb: R59
  /b512afeb/c53a33c4/f47e9f89: C26
  /07a9e096/2e4cbcf0: RFBT1
  /dc612884/acb836e1/a1141c71: D12
  /b512afeb/c53a33c4/503a6bbc: R37
  /b512afeb/de0419ad/342795aa: R39
  /dc612884/4c62837d/29ba492f: R61
  /0b17cd48/3c34a1bb: CCOUT2
  /dc612884/4c62837d/b7a0b9b4: R60
  /b512afeb/c53a33c4/a258d1ad: U21
  /b512afeb/4c56d938/f47e9f89: C20
  /cd4821da: J2
  /a42fd33d/44670d4b: Q2
  /dc612884/4c62837d/4a53e931: U35
  /07a9e096/af6a038a: COUT1
  /a42fd33d/28cf2268: R54
  /b512afeb/b7d068b7/b8057d51: C21
  /b512afeb/de0419ad/b8057d51: C27
  /dc612884/9375b8fb/4069a4fa: C36
  /dc612884/acb836e1/4069a4fa: C16
  /b512afeb/b7d068b7/49a7abff: R26
  /b512afeb/c53a33c4/7d2849b3: D19
  /b512afeb/2ee088ed/7d2849b3: D23
  /dc612884/9375b8fb/38a2fec7: C37
  /b512afeb/de0419ad/49a7abff: R38
  /dc612884/4c62837d/e1478466: D33
  /dc612884/d022fea0/e1478466: D9
  /dc612884/426b96bb/c1687cb3: U4
  /dc612884/2ea0969e/eff690b0: C12
  /b512afeb/9a3794b4/49a7abff: R30
  /dc612884/f83aa710/eff690b0: C9
  /b512afeb/6ef87b53/7d2849b3: D25
  /b512afeb/be42694a/49a7abff: R50
  /b512afeb/2ee088ed/b8057d51: C29
  /dc612884/2ea0969e/e1478466: D7
  /b512afeb/c53a33c4/b8057d51: C25
  /dc612884/f83aa710/38a2fec7: C8
  /b512afeb/2ee088ed/49a7abff: R42
  /dc612884/9375b8fb/c1687cb3: U32
  /b512afeb/de0419ad/84e1565d: U22
  /b512afeb/be42694a/84e1565d: U28
  /dc612884/acb836e1/e1478466: D11
  /dc612884/426b96bb/4069a4fa: C4
  /dc612884/2ea0969e/4069a4fa: C10
  /dc612884/acb836e1/c1687cb3: U12
  /dc612884/acb836e1/eff690b0: C18
  /dc612884/f83aa710/c1687cb3: U6
  /b512afeb/9a3794b4/b8057d51: C23
  /dc612884/d022fea0/eff690b0: C15
  /b512afeb/6ef87b53/84e1565d: U26
  /dc612884/4c62837d/c1687cb3: U34
  /b512afeb/b7d068b7/7d2849b3: D15
  /b512afeb/4c56d938/7d2849b3: D13
  /dc612884/d022fea0/38a2fec7: C14
  /b512afeb/9a3794b4/7d2849b3: D17
  /b512afeb/b7d068b7/84e1565d: U16
  /b512afeb/de0419ad/7d2849b3: D21
  /dc612884/2ea0969e/c1687cb3: U8
  /dc612884/426b96bb/e1478466: D3
  /b512afeb/4c56d938/49a7abff: R22
  /dc612884/426b96bb/38a2fec7: C5
  /b512afeb/c53a33c4/84e1565d: U20
  /dc612884/9375b8fb/eff690b0: C38
  /b512afeb/be42694a/7d2849b3: D27
  /dc612884/f83aa710/e1478466: D5
  /dc612884/4c62837d/eff690b0: C41
  /b512afeb/be42694a/b8057d51: C33
  /dc612884/426b96bb/eff690b0: C6
  /b512afeb/2ee088ed/84e1565d: U24
  /dc612884/2ea0969e/38a2fec7: C11
  /dc612884/acb836e1/38a2fec7: C17
  /dc612884/f83aa710/4069a4fa: C7
  /dc612884/d022fea0/4069a4fa: C13
  /dc612884/4c62837d/4069a4fa: C39
  /b512afeb/9a3794b4/84e1565d: U18
  /b512afeb/6ef87b53/b8057d51: C31
  /dc612884/4c62837d/38a2fec7: C40
  /b512afeb/4c56d938/b8057d51: C19
  /b512afeb/6ef87b53/49a7abff: R46
  /dc612884/d022fea0/c1687cb3: U10
  /b512afeb/c53a33c4/49a7abff: R34
  /b512afeb/4c56d938/84e1565d: U14
  /dc612884/9375b8fb/e1478466: D31
